\BOOKMARK [0][-]{chapter*.1}{Ringraziamenti}{}% 1
\BOOKMARK [0][-]{chapter.1}{Introduzione}{}% 2
\BOOKMARK [1][-]{section.1.1}{Contributo della Tesi}{chapter.1}% 3
\BOOKMARK [0][-]{chapter.2}{Letteratura}{}% 4
\BOOKMARK [0][-]{chapter.3}{Conoscenze Preliminari}{}% 5
\BOOKMARK [1][-]{section.3.1}{Freezing Of Gait}{chapter.3}% 6
\BOOKMARK [2][-]{subsection.3.1.1}{Le tipologie di Fog}{section.3.1}% 7
\BOOKMARK [2][-]{subsection.3.1.2}{Influenza del FoG nella camminata}{section.3.1}% 8
\BOOKMARK [1][-]{section.3.2}{Machine Learning}{chapter.3}% 9
\BOOKMARK [2][-]{subsection.3.2.1}{Cluster Analysis}{section.3.2}% 10
\BOOKMARK [2][-]{subsection.3.2.2}{Classificazione}{section.3.2}% 11
\BOOKMARK [2][-]{subsection.3.2.3}{Validazione della Classificazione}{section.3.2}% 12
\BOOKMARK [1][-]{section.3.3}{Riduzione della dimensionalit\340}{chapter.3}% 13
\BOOKMARK [2][-]{subsection.3.3.1}{Analisi Delle Componenti Principali}{section.3.3}% 14
\BOOKMARK [2][-]{subsection.3.3.2}{Analisi dei Discriminanti Lineari}{section.3.3}% 15
\BOOKMARK [0][-]{chapter.4}{Motivazioni ed obiettivi}{}% 16
\BOOKMARK [0][-]{chapter.5}{Apprendimento non supervisionato}{}% 17
\BOOKMARK [1][-]{section.5.1}{Dataset}{chapter.5}% 18
\BOOKMARK [1][-]{section.5.2}{Dimostrazione dell'esistenza effettiva delle 3 classi}{chapter.5}% 19
\BOOKMARK [2][-]{subsection.5.2.1}{Divisione dei dati}{section.5.2}% 20
\BOOKMARK [2][-]{subsection.5.2.2}{Algoritmo di discriminazione}{section.5.2}% 21
\BOOKMARK [2][-]{subsection.5.2.3}{Risultati}{section.5.2}% 22
\BOOKMARK [1][-]{section.5.3}{Determinazione del miglior intervallo di finestra}{chapter.5}% 23
\BOOKMARK [2][-]{subsection.5.3.1}{Pre-processamento dei dati}{section.5.3}% 24
\BOOKMARK [2][-]{subsection.5.3.2}{Definizione degli intervalli}{section.5.3}% 25
\BOOKMARK [2][-]{subsection.5.3.3}{Calcolo delle Feature}{section.5.3}% 26
\BOOKMARK [2][-]{subsection.5.3.4}{Clustering}{section.5.3}% 27
\BOOKMARK [2][-]{subsection.5.3.5}{Calcolo delle prestazioni}{section.5.3}% 28
\BOOKMARK [2][-]{subsection.5.3.6}{Risultati}{section.5.3}% 29
\BOOKMARK [1][-]{section.5.4}{Etichettatura dei Dati}{chapter.5}% 30
\BOOKMARK [0][-]{chapter.6}{Conclusione e Lavori Futuri}{}% 31
\BOOKMARK [1][-]{section.6.1}{Lavori Futuri}{chapter.6}% 32
\BOOKMARK [0][-]{chapter*.10}{Bibliography}{}% 33
